<?xml version="1.0" encoding="UTF-8" ?>
<testsuites>
  <testsuite errors="0" failures="0" hostname="LAPTOP-J8DMK75K" id="0" name="Product2Test" package="" skipped="0" tests="4" time="0.126" timestamp="2020-11-26T15:30:15">
      <properties>
[...]
</properties>

      <testcase classname="Product2Test" name="testGetProductId" time="0.004" />

      <testcase classname="Product2Test" name="testGetPrice" time="0.0" />

      <testcase classname="Product2Test" name="testGetDescription" time="0.0" />

      <testcase classname="Product2Test" name="testGetName" time="0.001" />

      <system-out><![CDATA[productId : 2
price : 5 yuan
description : It is sweet
name : Chotolate
]]></system-out>

      <system-err><![CDATA[]]></system-err>

  </testsuite>
  <testsuite errors="0" failures="0" hostname="LAPTOP-J8DMK75K" id="1" name="ProductTest" package="" skipped="0" tests="4" time="0.119" timestamp="2020-11-26T15:30:16">
      <properties>
[...]
</properties>

      <testcase classname="ProductTest" name="testGetProductId" time="0.007" />

      <testcase classname="ProductTest" name="testGetName" time="0.0" />

      <testcase classname="ProductTest" name="testGetPrice" time="0.0" />

      <testcase classname="ProductTest" name="testGetDescription" time="0.0" />

      <system-out><![CDATA[productId : 1
name : Coca-Cola
price : 3 yuan
description : It is delicious
]]></system-out>

      <system-err><![CDATA[]]></system-err>

  </testsuite>
</testsuites>
